Starting preprocessing of the model file ...
Found 6 equation(s).
Evaluating expressions...done
Computing static model derivatives (order 1).
Computing dynamic model derivatives (order 2).
Processing outputs ...
done
Preprocessing completed.


You did not declare endogenous variables after the estimation/calib_smoother command.
Initial value of the log posterior (or likelihood): -89.2413
Gradient norm 109.4131
Minimum Hessian eigenvalue 3.5202e-10
Maximum Hessian eigenvalue 348.0484
 
Iteration 1
Predicted improvement:       17.500001749
lambda =          1; f =          103.9927700
lambda =    0.33333; f =           89.2987899
lambda =    0.11111; f =           89.5220372
lambda =   0.037037; f =           89.2592803
lambda =   0.012346; f =           89.2412715
lambda =  0.0041152; f =           91.5149460
lambda =  0.0013717; f =           89.4618906
lambda = 0.00045725; f =           89.2551108
lambda = 0.00015242; f =           89.2392480
Norm of dx     8.1162
Predicted improvement:     5985.608475664
lambda =          1; f =        11718.4751590
lambda =    0.33333; f =         1325.4818497
lambda =    0.11111; f =          209.8589984
lambda =   0.037037; f =           98.9144483
lambda =   0.012346; f =           89.8944900
lambda =  0.0041152; f =           89.2497441
lambda =  0.0013717; f =           78.2581210
Norm of dx     109.41
Gradient step!!
Predicted improvement:       16.640296339
lambda =          1; f =           38.0942578
lambda =     1.9332; f =           89.9851187
lambda =     1.3017; f =           89.3137997
lambda =     1.0267; f =           89.2413879
lambda =     1.0079; f =          367.1445067
Norm of dx    0.93929
Done for param e_D =   0.0141
Predicted improvement:        0.145663424
lambda =          1; f =           37.8016823
lambda =     1.9332; f =           37.5263759
lambda =     3.7372; f =           36.9877809
lambda =     7.2247; f =           35.9218559
lambda =     13.967; f =           33.7618256
lambda =         27; f =           29.1538302
lambda =     52.196; f =           17.9693242
lambda =      100.9; f =          -29.6387348
lambda =     195.07; f =           89.6650746
lambda =     131.35; f =           89.2573258
lambda =      103.6; f =          -35.9604628
lambda =     119.45; f =           89.2420992
lambda =     109.67; f =          -56.4962447
lambda =     115.44; f =          236.7338193
lambda =     111.94; f =          -67.7617166
lambda =     114.03; f =          -71.7974385
lambda =     116.15; f =           89.2412690
lambda =     114.87; f =          -33.1811324
Norm of dx  0.0082279
Done for param e_S =   0.0158
Predicted improvement:        1.763843405
lambda =          1; f =          -75.5251717
lambda =     1.9332; f =          -79.4249616
lambda =     3.7372; f =          -88.5733033
lambda =     7.2247; f =         -120.1603398
lambda =     13.967; f =           89.4563948
lambda =     9.4043; f =           89.2412663
lambda =     7.4177; f =         -123.2239653
lambda =     8.5527; f =         -151.1728861
lambda =     9.8614; f =           89.2434673
lambda =     9.0539; f =         -180.0418751
lambda =     9.5301; f =           89.2414423
lambda =     9.2415; f =         -202.6312126
lambda =     9.4136; f =           89.2412682
lambda =       9.31; f =         -212.7108638
Norm of dx    0.10155
Done for param e_R =   0.0091
Predicted improvement:        5.258019938
lambda =          1; f =         -220.4491502
lambda =     1.9332; f =         -223.6798177
Norm of dx    0.24047
Done for param sigma =   2.4624
Predicted improvement:        1.637947617
lambda =          1; f =         -226.7115322
lambda =     1.9332; f =         -229.1223684
lambda =     3.7372; f =         -232.7406619
lambda =     7.2247; f =         -236.3361989
Norm of dx   0.010094
Done for param theta =   0.7210
Predicted improvement:        0.016514646
lambda =          1; f =         -236.3490261
Norm of dx   0.019876
Done for param phi =   0.9825
Predicted improvement:        9.104955100
lambda =          1; f =         -248.5920352
Norm of dx   0.080878
Done for param rho =   0.6264
Predicted improvement:        3.775649519
lambda =          1; f =         -252.2533613
Norm of dx    0.39627
Done for param phi_pi =   2.4003
Predicted improvement:        0.135546105
lambda =          1; f =         -252.3890475
Norm of dx  0.0051897
Done for param phi_y =   0.0536
Predicted improvement:      138.782710060
lambda =          1; f =           89.4876723
lambda =    0.33333; f =         -282.8326045
Norm of dx     1.2538
Done for param rho_D =   0.5581
Predicted improvement:        0.072847173
lambda =          1; f =         -282.9563767
lambda =     1.9332; f =         -283.0337250
lambda =     3.7372; f =         -283.0850185
Norm of dx   0.015322
Done for param rho_S =   0.2119
Predicted improvement:        1.889939050
lambda =          1; f =         -285.2446421
Norm of dx     0.1153
Done for param rho_R =   0.5857
Sequence of univariate steps!!
Actual dxnorm 1.856
FVAL          -285.2446
Improvement   374.4859
Ftol          1e-05
Htol          1e-05
Gradient norm  1399.6288
Minimum Hessian eigenvalue 0.0019449
Maximum Hessian eigenvalue 519447.8314
Elapsed time for iteration 0.16435 s.
 
Iteration 2
Correct for low angle: 0.00361508
Predicted improvement:       23.975740591
lambda =          1; f =         -260.5522335
lambda =    0.33333; f =         -284.8685580
lambda =    0.11111; f =         -285.2439480
lambda =   0.037037; f =         -282.0560778
lambda =   0.012346; f =         -285.2884055
lambda =  0.0041152; f =         -285.3811748
Norm of dx     6.8521
Predicted improvement:   979480.368701317
lambda =          1; f =      1943174.9973507
lambda =    0.33333; f =       215616.8313166
lambda =    0.11111; f =        23694.2238762
lambda =   0.037037; f =         2376.7250026
lambda =   0.012346; f =            9.9154645
lambda =  0.0041152; f =         -252.6168817
lambda =  0.0013717; f =         -281.6727502
lambda = 0.00045725; f =         -284.8651628
lambda = 0.00015242; f =         -285.2080143
lambda = 5.0805e-05; f =         -285.2421553
lambda = 1.6935e-05; f =         -285.2446308
lambda =  5.645e-06; f =         -287.1810344
lambda = 1.8817e-06; f =         -288.5608032
lambda = 3.6376e-06; f =         -289.9587705
Norm of dx     1399.6
Gradient step!!
Predicted improvement:        0.255190555
lambda =          1; f =         -288.3943050
lambda =    0.33333; f =         -289.8264061
lambda =    0.11111; f =         -289.9782560
Norm of dx  0.0030798
Done for param e_D =   0.0106
Predicted improvement:        0.118373786
lambda =          1; f =         -290.0466397
lambda =    0.33333; f =         -290.0400353
lambda =    0.64439; f =         -290.0641343
Norm of dx 0.00088967
Done for param e_S =   0.0117
Predicted improvement:        0.018735255
lambda =          1; f =         -290.0820700
Norm of dx 0.00023258
Done for param e_R =   0.0092
Predicted improvement:        1.965458458
lambda =          1; f =         -293.2283545
lambda =     1.9332; f =         -294.5087881
Norm of dx    0.23947
Done for param sigma =   1.9739
Predicted improvement:        0.483991106
lambda =          1; f =         -295.3528127
lambda =     1.9332; f =         -295.9242712
lambda =     3.7372; f =         -296.4725090
Norm of dx  0.0083073
Done for param theta =   0.7515
Predicted improvement:        0.006679569
lambda =          1; f =         -296.4792671
Norm of dx   0.011154
Done for param phi =   0.9851
Predicted improvement:        0.054373200
lambda =          1; f =         -296.5797337
lambda =     1.9332; f =         -296.6582238
lambda =     3.7372; f =         -296.7663162
lambda =     7.2247; f =         -296.7987670
Norm of dx  0.0059297
Done for param rho =   0.6701
Predicted improvement:        0.731361627
lambda =          1; f =         -297.7574073
Norm of dx    0.18025
Done for param phi_pi =   2.2277
Predicted improvement:        0.181847592
lambda =          1; f =         -297.8893592
Norm of dx  0.0067997
Done for param phi_y =   0.0499
Predicted improvement:        0.158083069
lambda =          1; f =         -298.1496806
lambda =     1.9332; f =         -298.2934243
Norm of dx   0.012304
Done for param rho_D =   0.5830
Predicted improvement:        0.389901585
lambda =          1; f =         -298.7354712
Norm of dx   0.068637
Done for param rho_S =   0.1426
Predicted improvement:        1.105448428
lambda =          1; f =         -300.1728254
Norm of dx   0.075496
Done for param rho_R =   0.5102
Sequence of univariate steps!!
Actual dxnorm 0.53144
FVAL          -300.1728
Improvement   14.9282
Ftol          1e-05
Htol          1e-05
Gradient norm  1357.587
Minimum Hessian eigenvalue 0.00021264
Maximum Hessian eigenvalue 552512.0318
Elapsed time for iteration 0.11563 s.
 
Iteration 3
Correct for low angle: 0.000831045
Predicted improvement:      100.099823181
lambda =          1; f =         -294.3779093
lambda =    0.33333; f =         -300.1531645
lambda =    0.11111; f =         -300.1728239
lambda =   0.037037; f =         -300.0873400
lambda =   0.012346; f =         -294.3151938
lambda =  0.0041152; f =         -299.9881486
lambda =  0.0013717; f =         -300.3315543
Norm of dx     29.494
Predicted improvement:   921521.291951105
lambda =          1; f =      1827858.1271840
lambda =    0.33333; f =       202817.4521230
lambda =    0.11111; f =        22265.0696939
lambda =   0.037037; f =         2206.0559995
lambda =   0.012346; f =          -22.0249164
lambda =  0.0041152; f =         -269.3746942
lambda =  0.0013717; f =         -296.7864134
lambda = 0.00045725; f =         -299.8082968
lambda = 0.00015242; f =         -300.1361072
lambda = 5.0805e-05; f =         -300.1698792
lambda = 1.6935e-05; f =         -300.1727478
lambda =  5.645e-06; f =         -275.5638982
lambda = 1.8817e-06; f =         -302.3584018
Norm of dx     1357.6
Gradient step!!
Predicted improvement:        0.000223699
lambda =          1; f =         -302.3586190
Norm of dx 2.8691e-05
Done for param e_D =   0.0108
Predicted improvement:        0.036266626
lambda =          1; f =         -302.4124622
lambda =     1.9332; f =         -302.4260239
Norm of dx 0.00023223
Done for param e_S =   0.0088
Predicted improvement:        0.087834470
lambda =          1; f =         -302.5162155
Norm of dx 0.00038839
Done for param e_R =   0.0083
Predicted improvement:        0.247690124
lambda =          1; f =         -302.7530930
Norm of dx    0.10899
Done for param sigma =   1.8603
Predicted improvement:       13.630123118
lambda =          1; f =         -300.1710569
lambda =    0.33333; f =         -302.6137369
lambda =    0.11111; f =         -304.6667366
Norm of dx    0.19268
Done for param theta =   0.7745
Predicted improvement:        0.163780957
lambda =          1; f =         -304.8278779
Norm of dx   0.057348
Done for param phi =   0.9678
Predicted improvement:        0.022399003
lambda =          1; f =         -304.8513264
Norm of dx  0.0080397
Done for param rho =   0.6783
Predicted improvement:        0.202514710
lambda =          1; f =         -305.1204530
Norm of dx    0.09357
Done for param phi_pi =   2.1365
Predicted improvement:        0.005542583
lambda =          1; f =         -305.1260354
Norm of dx  0.0010474
Done for param phi_y =   0.0514
Predicted improvement:        0.020363493
lambda =          1; f =         -305.1464441
Norm of dx  0.0071963
Done for param rho_D =   0.5906
Predicted improvement:        0.004054908
lambda =          1; f =         -305.1507007
Norm of dx  0.0065494
Done for param rho_S =   0.1359
Predicted improvement:        0.476074596
lambda =          1; f =         -305.5333464
Norm of dx   0.068259
Done for param rho_R =   0.4420
Sequence of univariate steps!!
Actual dxnorm 0.16399
FVAL          -305.5333
Improvement   5.3605
Ftol          1e-05
Htol          1e-05
Gradient norm  1189.4581
Minimum Hessian eigenvalue 0.0013945
Maximum Hessian eigenvalue 1083393.1181
Elapsed time for iteration 0.12456 s.
 
Iteration 4
Correct for low angle: 0.00068122
Predicted improvement:      115.486087016
lambda =          1; f =         -292.7844990
lambda =    0.33333; f =         -305.1704099
lambda =    0.11111; f =         -305.5332488
lambda =   0.037037; f =         -305.1480135
lambda =   0.012346; f =         -294.8954923
lambda =  0.0041152; f =         -304.8363690
lambda =  0.0013717; f =         -305.6590204
Norm of dx     38.837
Predicted improvement:   707405.344106971
lambda =          1; f =      1412877.4641539
lambda =    0.33333; f =       156707.5955118
lambda =    0.11111; f =        17138.2095961
lambda =   0.037037; f =         1632.0171987
lambda =   0.012346; f =          -90.4627950
lambda =  0.0041152; f =         -281.7074026
lambda =  0.0013717; f =         -302.9094605
lambda = 0.00045725; f =         -305.2494638
lambda = 0.00015242; f =         -305.5042038
lambda = 5.0805e-05; f =         -305.5307783
lambda = 1.6935e-05; f =         -305.5332223
lambda =  5.645e-06; f =         -149.8094484
lambda = 1.8817e-06; f =         -305.8157254
lambda = 6.2723e-07; f =         -306.2896466
lambda = 1.2125e-06; f =         -306.4513331
Norm of dx     1189.5
Predicted improvement:        0.000396273
lambda =          1; f =         -306.4517531
Norm of dx 3.5858e-05
Done for param e_D =   0.0106
Predicted improvement:        0.006055496
lambda =          1; f =         -306.4602649
lambda =     1.9332; f =         -306.4619226
Norm of dx 7.3843e-05
Done for param e_S =   0.0073
Predicted improvement:        0.001877150
lambda =          1; f =         -306.4638717
Norm of dx 5.9126e-05
Done for param e_R =   0.0081
Predicted improvement:        0.015722403
lambda =          1; f =         -306.4771880
Norm of dx   0.027958
Done for param sigma =   1.8821
Predicted improvement:        8.895370523
lambda =          1; f =         -305.5323411
lambda =    0.33333; f =         -305.0573955
lambda =    0.11111; f =         -307.5722214
Norm of dx    0.15909
Done for param theta =   0.7940
Predicted improvement:        0.133536863
lambda =          1; f =         -307.7011675
Norm of dx   0.052091
Done for param phi =   0.9685
Predicted improvement:        0.058076296
lambda =          1; f =         -307.7557738
Norm of dx   0.013095
Done for param rho =   0.6916
Predicted improvement:        0.065044042
lambda =          1; f =         -307.8293047
Norm of dx    0.06079
Done for param phi_pi =   2.0769
Predicted improvement:        0.034428992
lambda =          1; f =         -307.8637386
Norm of dx  0.0026191
Done for param phi_y =   0.0514
Predicted improvement:        0.002020501
lambda =          1; f =         -307.8657703
Norm of dx  0.0021872
Done for param rho_D =   0.5934
Predicted improvement:        0.008824809
lambda =          1; f =         -307.8747176
Norm of dx  0.0095341
Done for param rho_S =   0.1452
Predicted improvement:        0.000314016
lambda =          1; f =         -307.8750346
Norm of dx  0.0016574
Done for param rho_R =   0.4437
Sequence of univariate steps!!
Actual dxnorm 0.068521
FVAL          -307.875
Improvement   2.3417
Ftol          1e-05
Htol          1e-05
Gradient norm  978.1229
Minimum Hessian eigenvalue 0.00041202
Maximum Hessian eigenvalue 2252819.6841
Elapsed time for iteration 0.12238 s.
 
Iteration 5
Correct for low angle: 0.000297536
Predicted improvement:      251.231733549
lambda =          1; f =         -291.9058275
lambda =    0.33333; f =         -307.3339307
lambda =    0.11111; f =         -307.8729907
lambda =   0.037037; f =         -307.8749320
lambda =   0.012346; f =         -307.6620650
lambda =  0.0041152; f =         -299.4514561
lambda =  0.0013717; f =         -307.3470714
lambda = 0.00045725; f =         -307.9652009
Norm of dx     102.74
Predicted improvement:        0.332510793
lambda =          1; f =         -308.1506861
lambda =    0.33333; f =         -308.1414233
lambda =    0.64439; f =         -308.2111166
Norm of dx  0.0008794
Done for param e_S =   0.0066
Predicted improvement:        0.019437196
lambda =          1; f =         -308.2279467
Norm of dx 0.00021064
Done for param e_R =   0.0078
Predicted improvement:        0.198976509
lambda =          1; f =         -308.2949696
lambda =    0.33333; f =         -308.3226017
lambda =    0.64439; f =         -308.3445718
Norm of dx    0.12334
Done for param sigma =   1.9594
Predicted improvement:        0.273668159
lambda =          1; f =         -308.6255341
Norm of dx  0.0093565
Done for param theta =   0.8048
Predicted improvement:        0.107267075
lambda =          1; f =         -308.7295513
Norm of dx   0.046457
Done for param phi =   0.9690
Predicted improvement:        0.000346977
lambda =          1; f =         -308.7299079
Norm of dx 0.00091971
Done for param rho =   0.6925
Predicted improvement:        0.011031381
lambda =          1; f =         -308.7409440
Norm of dx   0.026797
Done for param phi_pi =   2.0505
Predicted improvement:        0.004942503
lambda =          1; f =         -308.7458865
Norm of dx  0.0009923
Done for param phi_y =   0.0515
Predicted improvement:        0.005971807
lambda =          1; f =         -308.7518532
Norm of dx  0.0037589
Done for param rho_D =   0.5899
Predicted improvement:        0.042610437
lambda =          1; f =         -308.7956448
Norm of dx     0.0206
Done for param rho_S =   0.1658
Predicted improvement:        0.006289354
lambda =          1; f =         -308.8018953
Norm of dx  0.0074798
Done for param rho_R =   0.4513
Sequence of univariate steps!!
Actual dxnorm 0.085277
FVAL          -308.8019
Improvement   0.92686
Ftol          1e-05
Htol          1e-05
Gradient norm  712.564
Minimum Hessian eigenvalue 5.7347e-05
Maximum Hessian eigenvalue 3478154.1382
Elapsed time for iteration 0.10793 s.
 
Iteration 6
Correct for low angle: 8.67066e-05
Predicted improvement:      838.986045182
lambda =          1; f =         -276.8642622
lambda =    0.33333; f =         -307.0829146
lambda =    0.11111; f =         -308.7392112
lambda =   0.037037; f =         -308.7956410
lambda =   0.012346; f =         -308.8014118
lambda =  0.0041152; f =         -308.8018866
lambda =  0.0013717; f =         -277.0117313
lambda = 0.00045725; f =         -306.5115986
lambda = 0.00015242; f =         -308.7142456
lambda = 5.0805e-05; f =         -308.8486065
Norm of dx     470.97
Correct for low angle: 8.70948e-05
Predicted improvement:      687.111357073
lambda =          1; f =         -284.0898119
lambda =    0.33333; f =         -307.6386298
lambda =    0.11111; f =         -308.7600897
lambda =   0.037037; f =         -308.7978170
lambda =   0.012346; f =         -308.8016065
lambda =  0.0041152; f =         -308.8018934
lambda =  0.0013717; f =         -287.8436695
lambda = 0.00045725; f =         -306.8656753
lambda = 0.00015242; f =         -308.6407731
lambda = 5.0805e-05; f =         -308.8299017
lambda = 1.6935e-05; f =         -308.8480353
lambda =  5.645e-06; f =         -308.8490475
lambda = 1.8817e-06; f =         -308.8488237
lambda = 6.2723e-07; f =         -308.8486867
lambda = 2.0908e-07; f =         -308.8486341
lambda = 6.9692e-08; f =         -308.8486158
lambda = 2.3231e-08; f =         -308.8486096
lambda = 7.7435e-09; f =         -308.8486076
lambda = 2.5812e-09; f =         -308.8486069
Norm of dx     385.98
Predicted improvement:        0.000468803
lambda =          1; f =         -308.8495146
Norm of dx 4.0126e-05
Done for param e_D =   0.0106
Predicted improvement:        0.097617789
lambda =          1; f =         -308.9510262
Norm of dx 0.00035594
Done for param e_S =   0.0061
Predicted improvement:        0.000115755
lambda =          1; f =         -308.9511416
Norm of dx 1.4715e-05
Done for param e_R =   0.0078
Predicted improvement:        0.058433524
lambda =          1; f =         -309.0007574
Norm of dx   0.057373
Done for param sigma =   2.0164
Predicted improvement:        0.027622509
lambda =          1; f =         -309.0284150
Norm of dx   0.002977
Done for param theta =   0.8086
Predicted improvement:        0.034652554
lambda =          1; f =         -309.0624583
Norm of dx     0.0259
Done for param phi =   0.9691
Predicted improvement:        0.004687550
lambda =          1; f =         -309.0673210
Norm of dx   0.003326
Done for param rho =   0.6892
Predicted improvement:        0.000408221
lambda =          1; f =         -309.0677292
Norm of dx  0.0051508
Done for param phi_pi =   2.0454
Predicted improvement:        0.000110048
lambda =          1; f =         -309.0678392
Norm of dx 0.00014807
Done for param phi_y =   0.0514
Predicted improvement:        0.006228114
lambda =          1; f =         -309.0740627
Norm of dx  0.0038301
Done for param rho_D =   0.5861
Predicted improvement:        0.065623357
lambda =          1; f =         -309.1414663
Norm of dx   0.025574
Done for param rho_S =   0.1913
Predicted improvement:        0.007716597
lambda =          1; f =         -309.1491207
Norm of dx  0.0082872
Done for param rho_R =   0.4596
Sequence of univariate steps!!
Actual dxnorm 0.063562
FVAL          -309.1491
Improvement   0.34723
Ftol          1e-05
Htol          1e-05
Gradient norm  481.855
Minimum Hessian eigenvalue 2.848e-05
Maximum Hessian eigenvalue 4622785.6129
Elapsed time for iteration 0.1241 s.
 
Iteration 7
Correct for low angle: 6.13288e-05
Predicted improvement:     1177.056835743
lambda =          1; f =       953468.7259406
lambda =    0.33333; f =       105452.2173759
lambda =    0.11111; f =        11371.5409130
lambda =   0.037037; f =          965.4199493
lambda =   0.012346; f =         -175.1114718
lambda =  0.0041152; f =         -296.6258501
lambda =  0.0013717; f =         -308.4105738
lambda = 0.00045725; f =         -286.7575016
lambda = 0.00015242; f =         -307.6808535
lambda = 5.0805e-05; f =         -309.0836902
lambda = 1.6935e-05; f =         -309.1690135
Norm of dx     977.12
Predicted improvement:        0.000132007
lambda =          1; f =         -309.1691451
Norm of dx 2.1183e-05
Done for param e_D =   0.0105
Predicted improvement:        0.026261054
lambda =          1; f =         -309.2020235
Norm of dx 0.00015039
Done for param e_S =   0.0058
Predicted improvement:        0.000317291
lambda =          1; f =         -309.2023425
Norm of dx  2.415e-05
Done for param e_R =   0.0078
Predicted improvement:        0.008091791
lambda =          1; f =         -309.2105286
Norm of dx   0.020285
Done for param sigma =   2.0366
Predicted improvement:        0.000758309
lambda =          1; f =         -309.2112813
Norm of dx 0.00050309
Done for param theta =   0.8076
Predicted improvement:        0.014087398
lambda =          1; f =         -309.2255169
Norm of dx   0.015827
Done for param phi =   0.9684
Predicted improvement:        0.005053472
lambda =          1; f =         -309.2306163
Norm of dx  0.0035346
Done for param rho =   0.6857
Predicted improvement:        0.000019786
lambda =          1; f =         -309.2306361
Norm of dx 6.2785e-05
Done for param phi_y =   0.0514
Predicted improvement:        0.002529618
lambda =          1; f =         -309.2331649
Norm of dx  0.0024404
Done for param rho_D =   0.5836
Predicted improvement:        0.044981541
lambda =          1; f =         -309.2789810
Norm of dx   0.021376
Done for param rho_S =   0.2127
Predicted improvement:        0.002397643
lambda =          1; f =         -309.2813671
Norm of dx  0.0045851
Done for param rho_R =   0.4642
Sequence of univariate steps!!
Actual dxnorm 0.030076
FVAL          -309.2814
Improvement   0.13225
Ftol          1e-05
Htol          1e-05
Gradient norm  344.2017
Minimum Hessian eigenvalue 0.00030482
Maximum Hessian eigenvalue 5300740.7999
Elapsed time for iteration 0.098433 s.
 
Iteration 8
Correct for low angle: 0.000278406
Predicted improvement:      259.896007553
lambda =          1; f =         -270.8612921
lambda =    0.33333; f =         -307.3584263
lambda =    0.11111; f =         -309.2584308
lambda =   0.037037; f =         -309.2791966
lambda =   0.012346; f =         -309.2812317
lambda =  0.0041152; f =         -309.0900478
lambda =  0.0013717; f =         -296.3382488
lambda = 0.00045725; f =         -308.1391562
lambda = 0.00015242; f =         -309.2071012
lambda = 5.0805e-05; f =         -309.2906635
Norm of dx     302.03
Correct for low angle: 0.000273757
Predicted improvement:      260.904935649
lambda =          1; f =         -291.2690064
lambda =    0.33333; f =         -308.6677525
lambda =    0.11111; f =         -309.2581732
lambda =   0.037037; f =         -309.2791657
lambda =   0.012346; f =         -309.2812280
lambda =  0.0041152; f =         -309.2813671
lambda =  0.0013717; f =         -295.0404620
lambda = 0.00045725; f =         -307.8286613
lambda = 0.00015242; f =         -309.1131634
lambda = 5.0805e-05; f =         -309.2657030
lambda = 1.6935e-05; f =         -309.2861529
lambda =  5.645e-06; f =         -309.2895838
lambda = 1.8817e-06; f =         -309.2903507
lambda = 6.2723e-07; f =         -309.2905644
lambda = 2.0908e-07; f =         -309.2906310
lambda = 6.9692e-08; f =         -309.2906527
lambda = 2.3231e-08; f =         -309.2906599
lambda = 7.7435e-09; f =         -309.2906623
lambda = 2.5812e-09; f =         -309.2906631

lambda =

  -6.2723e-07

lambda = -6.2723e-07; f =         -309.2907573
Norm of dx      303.2
Predicted improvement:        0.000010279
lambda =          1; f =         -309.2907675
Norm of dx 5.8758e-06
Done for param e_D =   0.0105
Predicted improvement:        0.011607650
lambda =          1; f =         -309.3024583
Norm of dx  0.0001092
Done for param e_S =   0.0057
Predicted improvement:        0.000459047
lambda =          1; f =         -309.3029201
Norm of dx 2.9149e-05
Done for param e_R =   0.0079
Predicted improvement:        0.000019146
lambda =          1; f =         -309.3029393
Norm of dx  0.0010017
Done for param sigma =   2.0372
Predicted improvement:        0.000364919
lambda =          1; f =         -309.3033048
Norm of dx 0.00034701
Done for param theta =   0.8077
Predicted improvement:        0.010257970
lambda =          1; f =         -309.3134629
Norm of dx   0.013937
Done for param phi =   0.9696
Predicted improvement:        0.002235363
lambda =          1; f =         -309.3157153
Norm of dx  0.0023794
Done for param rho =   0.6833
Predicted improvement:        0.000014677
lambda =          1; f =         -309.3157299
Norm of dx 0.00097532
Done for param phi_pi =   2.0466
Predicted improvement:        0.000076090
lambda =          1; f =         -309.3158060
Norm of dx 0.00012312
Done for param phi_y =   0.0514
Predicted improvement:        0.000216183
lambda =          1; f =         -309.3160221
Norm of dx 0.00071496
Done for param rho_D =   0.5830
Predicted improvement:        0.018459529
lambda =          1; f =         -309.3346765
Norm of dx   0.013805
Done for param rho_S =   0.2265
Predicted improvement:        0.001293384
lambda =          1; f =         -309.3359651
Norm of dx  0.0033558
Done for param rho_R =   0.4675
Sequence of univariate steps!!
Actual dxnorm 0.014522
FVAL          -309.336
Improvement   0.054598
Ftol          1e-05
Htol          1e-05
Gradient norm  232.852
Minimum Hessian eigenvalue 4.3131e-05
Maximum Hessian eigenvalue 5910419.9476
Elapsed time for iteration 0.11124 s.
 
Iteration 9
Correct for low angle: 0.000154726
Predicted improvement:      468.039250011
lambda =          1; f =       645326.3506466
lambda =    0.33333; f =        71251.2119136
lambda =    0.11111; f =         7583.6999393
lambda =   0.037037; f =          548.5378294
lambda =   0.012346; f =         -220.2127462
lambda =  0.0041152; f =         -301.3481368
lambda =  0.0013717; f =         -308.9496465
lambda = 0.00045725; f =         -294.5162347
lambda = 0.00015242; f =         -308.2067732
lambda = 5.0805e-05; f =         -309.2528241
lambda = 1.6935e-05; f =         -309.3376480
lambda =  5.645e-06; f =         -309.3396875
lambda = 1.0913e-05; f =         -309.3403218
Norm of dx     804.02
Predicted improvement:        0.000023284
lambda =          1; f =         -309.3403451
Norm of dx 8.8456e-06
Done for param e_D =   0.0106
Predicted improvement:        0.005408058
lambda =          1; f =         -309.3456318
Norm of dx 7.3334e-05
Done for param e_S =   0.0055
Predicted improvement:        0.000251680
lambda =          1; f =         -309.3458846
Norm of dx 2.1709e-05
Done for param e_R =   0.0079
Predicted improvement:        0.000019680
lambda =          1; f =         -309.3459042
Norm of dx  0.0010175
Done for param sigma =   2.0381
Predicted improvement:        0.001046355
lambda =          1; f =         -309.3469438
Norm of dx 0.00059352
Done for param theta =   0.8068
Predicted improvement:        0.003846549
lambda =          1; f =         -309.3508134
Norm of dx  0.0083385
Done for param phi =   0.9692
Predicted improvement:        0.000700000
lambda =          1; f =         -309.3515162
Norm of dx   0.001344
Done for param rho =   0.6820
Predicted improvement:        0.000069164
lambda =          1; f =         -309.3515854
Norm of dx  0.0021164
Done for param phi_pi =   2.0487
Predicted improvement:        0.000425132
lambda =          1; f =         -309.3520104
Norm of dx  0.0010033
Done for param rho_D =   0.5820
Predicted improvement:        0.013377655
lambda =          1; f =         -309.3655040
Norm of dx   0.011746
Done for param rho_S =   0.2383
Predicted improvement:        0.000395953
lambda =          1; f =         -309.3658992
Norm of dx  0.0018495
Done for param rho_R =   0.4694
Sequence of univariate steps!!
Actual dxnorm 0.01227
FVAL          -309.3659
Improvement   0.029934
Ftol          1e-05
Htol          1e-05
Gradient norm  147.1884
Minimum Hessian eigenvalue 6.1237e-05
Maximum Hessian eigenvalue 6342657.4613
Elapsed time for iteration 0.1046 s.
 
Iteration 10
Correct for low angle: 0.000288743
Predicted improvement:      251.293373329
lambda =          1; f =         -260.5845669
lambda =    0.33333; f =         -306.3865138
lambda =    0.11111; f =         -309.2451179
lambda =   0.037037; f =         -309.3533220
lambda =   0.012346; f =         -309.3647645
lambda =  0.0041152; f =         -309.3658425
lambda =  0.0013717; f =         -309.3483347
lambda = 0.00045725; f =         -301.7245679
lambda = 0.00015242; f =         -308.6227313
lambda = 5.0805e-05; f =         -309.3005694
lambda = 1.6935e-05; f =         -309.3643042
lambda =  5.645e-06; f =         -309.3676128
Norm of dx     682.92
Correct for low angle: 0.000276548
Predicted improvement:      172.550320636
lambda =          1; f =         -302.0441339
lambda =    0.33333; f =         -308.8424977
lambda =    0.11111; f =         -309.3095073
lambda =   0.037037; f =         -309.3602033
lambda =   0.012346; f =         -309.3654381
lambda =  0.0041152; f =         -309.3658871
lambda =  0.0013717; f =         -259.7153879
lambda = 0.00045725; f =         -305.8312768
lambda = 0.00015242; f =         -308.9926323
lambda = 5.0805e-05; f =         -309.3284084
lambda = 1.6935e-05; f =         -309.3640650
lambda =  5.645e-06; f =         -309.3674889
lambda = 1.8817e-06; f =         -309.3676892
lambda = 6.2723e-07; f =         -309.3676513
lambda = 2.0908e-07; f =         -309.3676271
lambda = 6.9692e-08; f =         -309.3676177
lambda = 2.3231e-08; f =         -309.3676144
lambda = 7.7435e-09; f =         -309.3676133
lambda = 2.5812e-09; f =         -309.3676129
Norm of dx     468.93
Predicted improvement:        0.000104969
lambda =          1; f =         -309.3677944
Norm of dx 1.8773e-05
Done for param e_D =   0.0106
Predicted improvement:        0.002352344
lambda =          1; f =         -309.3700952
Norm of dx 4.7401e-05
Done for param e_S =   0.0055
Predicted improvement:        0.000113840
lambda =          1; f =         -309.3702094
Norm of dx 1.4665e-05
Done for param e_R =   0.0079
Predicted improvement:        0.000017567
lambda =          1; f =         -309.3702270
Norm of dx 0.00096102
Done for param sigma =   2.0371
Predicted improvement:        0.000692934
lambda =          1; f =         -309.3709264
Norm of dx 0.00048045
Done for param theta =   0.8065
Predicted improvement:        0.000888160
lambda =          1; f =         -309.3718127
Norm of dx  0.0040598
Done for param phi =   0.9699
Predicted improvement:        0.000144032
lambda =          1; f =         -309.3719569
Norm of dx  0.0006138
Done for param rho =   0.6814
Predicted improvement:        0.000016626
lambda =          1; f =         -309.3719736
Norm of dx  0.0010377
Done for param phi_pi =   2.0498
Predicted improvement:        0.000013467
lambda =          1; f =         -309.3719870
Norm of dx 5.1801e-05
Done for param phi_y =   0.0514
Predicted improvement:        0.000118683
lambda =          1; f =         -309.3721057
Norm of dx 0.00053116
Done for param rho_D =   0.5814
Predicted improvement:        0.004360126
lambda =          1; f =         -309.3764867
Norm of dx  0.0067289
Done for param rho_S =   0.2450
Predicted improvement:        0.000146462
lambda =          1; f =         -309.3766330
Norm of dx  0.0011227
Done for param rho_R =   0.4705
Sequence of univariate steps!!
Actual dxnorm 0.0070606
FVAL          -309.3766
Improvement   0.010734
Ftol          1e-05
Htol          1e-05
Gradient norm  94.208
Minimum Hessian eigenvalue 8.4965e-06
Maximum Hessian eigenvalue 6617698.1208
Elapsed time for iteration 0.11733 s.
 
Iteration 11
Correct for low angle: 0.000167808
Predicted improvement:      433.002285624
lambda =          1; f =      3378011.4192119
lambda =    0.33333; f =       374657.9514537
lambda =    0.11111; f =        41220.5611270
lambda =   0.037037; f =         4260.9452635
lambda =   0.012346; f =          183.9120941
lambda =  0.0041152; f =         -259.2300417
lambda =  0.0013717; f =         -305.2160080
lambda = 0.00045725; f =         -309.2475982
lambda = 0.00015242; f =         -301.2970471
lambda = 5.0805e-05; f =         -308.6805625
lambda = 1.6935e-05; f =         -309.3138626
lambda =  5.645e-06; f =         -309.3730807
lambda = 1.8817e-06; f =         -309.3773305
Norm of dx     1838.5
Predicted improvement:        0.000065845
lambda =          1; f =         -309.3773965
Norm of dx 1.4906e-05
Done for param e_D =   0.0106
Predicted improvement:        0.000752791
lambda =          1; f =         -309.3781429
Norm of dx 2.6271e-05
Done for param e_S =   0.0054
Predicted improvement:        0.000022792
lambda =          1; f =         -309.3781657
Norm of dx 6.5856e-06
Done for param e_R =   0.0079
Predicted improvement:        0.000461680
lambda =          1; f =         -309.3786279
Norm of dx 0.00039507
Done for param theta =   0.8060
Predicted improvement:        0.000612933
lambda =          1; f =         -309.3792421
Norm of dx  0.0033487
Done for param phi =   0.9698
Predicted improvement:        0.000041985
lambda =          1; f =         -309.3792841
Norm of dx 0.00033231
Done for param rho =   0.6810
Predicted improvement:        0.000017549
lambda =          1; f =         -309.3793016
Norm of dx   0.001066
Done for param phi_pi =   2.0509
Predicted improvement:        0.000162217
lambda =          1; f =         -309.3794638
Norm of dx 0.00062186
Done for param rho_D =   0.5808
Predicted improvement:        0.002443840
lambda =          1; f =         -309.3819161
Norm of dx  0.0050381
Done for param rho_S =   0.2500
Predicted improvement:        0.000043880
lambda =          1; f =         -309.3819600
Norm of dx 0.00061358
Done for param rho_R =   0.4711
Sequence of univariate steps!!
Actual dxnorm 0.0052595
FVAL          -309.382
Improvement   0.005327
Ftol          1e-05
Htol          1e-05
Gradient norm  58.9162
Minimum Hessian eigenvalue 7.347e-06
Maximum Hessian eigenvalue 6792196.4635
Elapsed time for iteration 0.11084 s.
 
Iteration 12
Correct for low angle: 0.000248844
Predicted improvement:      292.361048469
lambda =          1; f =         -185.0133877
lambda =    0.33333; f =         -298.0344396
lambda =    0.11111; f =         -308.3402665
lambda =   0.037037; f =         -309.2686679
lambda =   0.012346; f =         -309.3701717
lambda =  0.0041152; f =         -309.3808992
lambda =  0.0013717; f =         -309.3819076
lambda = 0.00045725; f =         -309.3711476
lambda = 0.00015242; f =         -301.8747313
lambda = 5.0805e-05; f =         -308.6250197
lambda = 1.6935e-05; f =         -309.3048725
lambda =  5.645e-06; f =         -309.3755932
lambda = 1.8817e-06; f =         -309.3819858
lambda = 6.2723e-07; f =         -309.3822073
Norm of dx       1985
Correct for low angle: 0.0002455
Predicted improvement:      181.816838825
lambda =          1; f =         -276.4266414
lambda =    0.33333; f =         -305.7342055
lambda =    0.11111; f =         -308.9812483
lambda =   0.037037; f =         -309.3389504
lambda =   0.012346; f =         -309.3776683
lambda =  0.0041152; f =         -309.3816281
lambda =  0.0013717; f =         -309.3819539
lambda = 0.00045725; f =         -274.4587843
lambda = 0.00015242; f =         -306.6070816
lambda = 5.0805e-05; f =         -309.0854159
lambda = 1.6935e-05; f =         -309.3507047
lambda =  5.645e-06; f =         -309.3791834
lambda = 1.8817e-06; f =         -309.3820304
lambda = 6.2723e-07; f =         -309.3822407
lambda = 2.0908e-07; f =         -309.3822287
lambda = 6.9692e-08; f =         -309.3822156
Norm of dx     1234.4
Predicted improvement:        0.000073018
lambda =          1; f =         -309.3823139
Norm of dx  1.572e-05
Done for param e_D =   0.0106
Predicted improvement:        0.000305302
lambda =          1; f =         -309.3826180
Norm of dx 1.6563e-05
Done for param e_S =   0.0054
Predicted improvement:        0.000023909
lambda =          1; f =         -309.3826419
Norm of dx  0.0011211
Done for param sigma =   2.0360
Predicted improvement:        0.000250213
lambda =          1; f =         -309.3828923
Norm of dx 0.00029139
Done for param theta =   0.8058
Predicted improvement:        0.000163389
lambda =          1; f =         -309.3830555
Norm of dx  0.0017381
Done for param phi =   0.9701
Predicted improvement:        0.000038423
lambda =          1; f =         -309.3830939
Norm of dx 0.00030297
Done for param rho_D =   0.5805
Predicted improvement:        0.000781686
lambda =          1; f =         -309.3838771
Norm of dx  0.0028528
Done for param rho_S =   0.2529
Sequence of univariate steps!!
Actual dxnorm 0.0031032
FVAL          -309.3839
Improvement   0.0019171
Ftol          1e-05
Htol          1e-05
Gradient norm  36.3905
Minimum Hessian eigenvalue 1.5135e-06
Maximum Hessian eigenvalue 6902828.436
Elapsed time for iteration 0.11662 s.
 
Iteration 13
Correct for low angle: 0.00018263
Predicted improvement:      398.570186334
lambda =          1; f =     19189324.8946319
lambda =    0.33333; f =      2130917.7593511
lambda =    0.11111; f =       236176.2681055
lambda =   0.037037; f =        25861.2625571
lambda =   0.012346; f =         2563.4669444
lambda =  0.0041152; f =           -1.6642335
lambda =  0.0013717; f =         -278.8493806
lambda = 0.00045725; f =         -307.0701103
lambda = 0.00015242; f =         -309.3492002
lambda = 5.0805e-05; f =         -304.5853474
lambda = 1.6935e-05; f =         -308.9378602
lambda =  5.645e-06; f =         -309.3396482
lambda = 1.8817e-06; f =         -309.3800435
lambda = 6.2723e-07; f =         -309.3837874
lambda = 2.0908e-07; f =         -309.3839783
Norm of dx     4381.1
Correct for low angle: 0.000181432
Predicted improvement:      211.452971524
lambda =          1; f =      5480961.2966230
lambda =    0.33333; f =       608212.9492209
lambda =    0.11111; f =        67135.1409121
lambda =   0.037037; f =         7128.2760119
lambda =   0.012346; f =          498.4771048
lambda =  0.0041152; f =         -225.6237095
lambda =  0.0013717; f =         -301.9284508
lambda = 0.00045725; f =         -309.0358455
lambda = 0.00015242; f =         -294.4904854
lambda = 5.0805e-05; f =         -308.1454212
lambda = 1.6935e-05; f =         -309.2577507
lambda =  5.645e-06; f =         -309.3706301
lambda = 1.8817e-06; f =         -309.3826183
lambda = 6.2723e-07; f =         -309.3838646
lambda = 2.0908e-07; f =         -309.3839780
lambda = 6.9692e-08; f =         -309.3839824
lambda = 2.3231e-08; f =         -309.3839801
lambda = 7.7435e-09; f =         -309.3839790
lambda = 2.5812e-09; f =         -309.3839785
Norm of dx     2341.7
Predicted improvement:        0.000031629
lambda =          1; f =         -309.3840141
Norm of dx  1.037e-05
Done for param e_D =   0.0106
Predicted improvement:        0.000128954
lambda =          1; f =         -309.3841423
Norm of dx 1.0723e-05
Done for param e_S =   0.0054
Predicted improvement:        0.000115207
lambda =          1; f =         -309.3842571
Norm of dx  0.0001984
Done for param theta =   0.8055
Predicted improvement:        0.000060566
lambda =          1; f =         -309.3843177
Norm of dx  0.0010553
Done for param phi =   0.9700
Predicted improvement:        0.000014289
lambda =          1; f =         -309.3843320
Norm of dx 0.00096182
Done for param phi_pi =   2.0518
Predicted improvement:        0.000053944
lambda =          1; f =         -309.3843860
Norm of dx 0.00035927
Done for param rho_D =   0.5802
Predicted improvement:        0.000386144
lambda =          1; f =         -309.3847726
Norm of dx  0.0020054
Done for param rho_S =   0.2549
Predicted improvement:        0.000018481
lambda =          1; f =         -309.3847911
Norm of dx 0.00039781
Done for param rho_R =   0.4715
Sequence of univariate steps!!
Actual dxnorm 0.0022998
FVAL          -309.3848
Improvement   0.00091401
Ftol          1e-05
Htol          1e-05
Gradient norm  23.4818
Minimum Hessian eigenvalue 6.7356e-07
Maximum Hessian eigenvalue 6966949.1493
Elapsed time for iteration 0.11648 s.
 
Iteration 14
Correct for low angle: 0.000188714
Predicted improvement:      385.990370766
lambda =          1; f =          575.6973306
lambda =    0.33333; f =         -213.5574144
lambda =    0.11111; f =         -298.9721630
lambda =   0.037037; f =         -308.2355524
lambda =   0.012346; f =         -309.2596540
lambda =  0.0041152; f =         -309.3717218
lambda =  0.0013717; f =         -309.3836000
lambda = 0.00045725; f =         -309.3847285
lambda = 0.00015242; f =         -309.3452881
lambda = 5.0805e-05; f =         -300.3370518
lambda = 1.6935e-05; f =         -308.4537155
lambda =  5.645e-06; f =         -309.2843856
lambda = 1.8817e-06; f =         -309.3745852
lambda = 6.2723e-07; f =         -309.3839789
lambda = 2.0908e-07; f =         -309.3848084
lambda = 6.9692e-08; f =         -309.3848289
lambda = 1.3473e-07; f =         -309.3848353
Norm of dx     6575.2
Correct for low angle: 0.000193768
Predicted improvement:      175.810145509
lambda =          1; f =         -114.9597742
lambda =    0.33333; f =         -287.8153889
lambda =    0.11111; f =         -306.9992994
lambda =   0.037037; f =         -309.1234221
lambda =   0.012346; f =         -309.3569614
lambda =  0.0041152; f =         -309.3820855
lambda =  0.0013717; f =         -309.3846021
lambda = 0.00045725; f =         -309.3847901
lambda = 0.00015242; f =         -288.8115676
lambda = 5.0805e-05; f =         -307.4874250
lambda = 1.6935e-05; f =         -309.1758152
lambda =  5.645e-06; f =         -309.3613655
lambda = 1.8817e-06; f =         -309.3821465
lambda = 6.2723e-07; f =         -309.3845099
lambda = 2.0908e-07; f =         -309.3847903
lambda = 6.9692e-08; f =         -309.3848273
lambda = 2.3231e-08; f =         -309.3848334
lambda = 7.7435e-09; f =         -309.3848347
lambda = 2.5812e-09; f =         -309.3848351

lambda =

  -6.2723e-07

lambda = -6.2723e-07; f =         -309.3845894
lambda = -2.0908e-07; f =         -309.3848168
lambda = -6.9692e-08; f =         -309.3848362
Norm of dx     3074.6
Predicted improvement:        0.000039827
lambda =          1; f =         -309.3848760
Norm of dx 1.1647e-05
Done for param e_D =   0.0106
Predicted improvement:        0.000049147
lambda =          1; f =         -309.3849251
Norm of dx 6.5887e-06
Done for param e_S =   0.0054
Predicted improvement:        0.000044983
lambda =          1; f =         -309.3849701
Norm of dx 0.00012384
Done for param theta =   0.8054
Predicted improvement:        0.000017567
lambda =          1; f =         -309.3849876
Norm of dx 0.00056936
Done for param phi =   0.9701
Predicted improvement:        0.000031103
lambda =          1; f =         -309.3850187
Norm of dx 0.00027301
Done for param rho_D =   0.5799
Predicted improvement:        0.000122174
lambda =          1; f =         -309.3851410
Norm of dx  0.0011285
Done for param rho_S =   0.2560
Sequence of univariate steps!!
Actual dxnorm 0.0011702
FVAL          -309.3851
Improvement   0.00034991
Ftol          1e-05
Htol          1e-05
Gradient norm  14.7846
Minimum Hessian eigenvalue 1.6521e-07
Maximum Hessian eigenvalue 7006981.5639
Elapsed time for iteration 0.13836 s.
 
Iteration 15
Correct for low angle: 0.000148466
Predicted improvement:      490.701586623
lambda =          1; f =    176243995.6657741
lambda =    0.33333; f =     19579502.8386754
lambda =    0.11111; f =      2174263.3133626
lambda =   0.037037; f =       240989.3915180
lambda =   0.012346; f =        26394.9662175
lambda =  0.0041152; f =         2622.4039300
lambda =  0.0013717; f =            4.7623689
lambda = 0.00045725; f =         -278.1763606
lambda = 0.00015242; f =         -307.0095905
lambda = 5.0805e-05; f =         -309.3479343
lambda = 1.6935e-05; f =         -304.6529206
lambda =  5.645e-06; f =         -308.9345262
lambda = 1.8817e-06; f =         -309.3384565
lambda = 6.2723e-07; f =         -309.3804391
lambda = 2.0908e-07; f =         -309.3847581
lambda = 6.9692e-08; f =         -309.3851441
lambda = 2.3231e-08; f =         -309.3851565
Norm of dx      13276
Correct for low angle: 0.00015556
Predicted improvement:      167.504985571
lambda =          1; f =     22437064.4496586
lambda =    0.33333; f =      2491703.2234626
lambda =    0.11111; f =       276238.1085217
lambda =   0.037037; f =        30304.0287774
lambda =   0.012346; f =         3054.2568518
lambda =  0.0041152; f =           51.9167273
lambda =  0.0013717; f =         -273.2115244
lambda = 0.00045725; f =         -306.5488033
lambda = 0.00015242; f =         -309.3271971
lambda = 5.0805e-05; f =         -303.7098151
lambda = 1.6935e-05; f =         -308.8528532
lambda =  5.645e-06; f =         -309.3292844
lambda = 1.8817e-06; f =         -309.3791882
lambda = 6.2723e-07; f =         -309.3845441
lambda = 2.0908e-07; f =         -309.3851043
lambda = 6.9692e-08; f =         -309.3851560
lambda = 2.3231e-08; f =         -309.3851582
lambda = 7.7435e-09; f =         -309.3851573
lambda = 2.5812e-09; f =         -309.3851568
Norm of dx     4737.3
Predicted improvement:        0.000016685
lambda =          1; f =         -309.3851749
Norm of dx 7.5517e-06
Done for param e_D =   0.0106
Predicted improvement:        0.000018094
lambda =          1; f =         -309.3851930
Norm of dx 3.9884e-06
Done for param e_S =   0.0054
Predicted improvement:        0.000024396
lambda =          1; f =         -309.3852174
Norm of dx 9.1268e-05
Done for param theta =   0.8053
Predicted improvement:        0.000012461
lambda =          1; f =         -309.3852299
Norm of dx 0.00018142
Done for param rho =   0.6808
Predicted improvement:        0.000034459
lambda =          1; f =         -309.3852643
Norm of dx 0.00028753
Done for param rho_D =   0.5796
Predicted improvement:        0.000045715
lambda =          1; f =         -309.3853100
Norm of dx 0.00069041
Done for param rho_S =   0.2567
Sequence of univariate steps!!
Actual dxnorm 0.00088207
FVAL          -309.3853
Improvement   0.00016906
Ftol          1e-05
Htol          1e-05
Gradient norm  10.826
Minimum Hessian eigenvalue 6.9549e-05
Maximum Hessian eigenvalue 7032165.0991
Elapsed time for iteration 0.1166 s.
 
Iteration 16
Correct for low angle: 0.0041607
Predicted improvement:       17.518613862
lambda =          1; f =         -269.6320173
lambda =    0.33333; f =         -307.4310699
lambda =    0.11111; f =         -309.3837091
lambda =   0.037037; f =         -309.3852149
lambda =   0.012346; f =         -257.7605301
lambda =  0.0041152; f =         -305.9291941
lambda =  0.0013717; f =         -309.3782268
lambda = 0.00045725; f =         -305.4821694
lambda = 0.00015242; f =         -308.9024685
lambda = 5.0805e-05; f =         -309.3305136
lambda = 1.6935e-05; f =         -309.3795247
lambda =  5.645e-06; f =         -309.3847955
lambda = 1.8817e-06; f =         -309.3852967
lambda = 6.2723e-07; f =         -309.3853232
Norm of dx     647.28
Predicted improvement:        0.000195346
lambda =          1; f =         -309.3853517
lambda =    0.33333; f =         -309.3854131
Norm of dx  0.0030465
Predicted improvement:        0.000017248
lambda =          1; f =         -309.3854304
Norm of dx 5.7368e-06
Done for param e_R =   0.0079
Predicted improvement:        0.000019742
lambda =          1; f =         -309.3854501
Norm of dx 8.2187e-05
Done for param theta =   0.8052
Predicted improvement:        0.000025295
lambda =          1; f =         -309.3854754
Norm of dx 0.00046529
Done for param rho_R =   0.4720
Sequence of univariate steps!!
Actual dxnorm 0.0011941
FVAL          -309.3855
Improvement   0.00016539
Ftol          1e-05
Htol          1e-05
Gradient norm  3.6076
Minimum Hessian eigenvalue 2.1397e-06
Maximum Hessian eigenvalue 7065145.7867
Elapsed time for iteration 0.11875 s.
 
Iteration 17
Correct for low angle: 0.00219072
Predicted improvement:       33.298122962
lambda =          1; f =         -268.7503151
lambda =    0.33333; f =         -307.3710735
lambda =    0.11111; f =       167310.6242739
lambda =   0.037037; f =        18168.7914452
lambda =   0.012346; f =         1695.3775892
lambda =  0.0041152; f =         -102.3688428
lambda =  0.0013717; f =         -291.2408196
lambda = 0.00045725; f =         -308.6030864
lambda = 0.00015242; f =         -296.5810271
lambda = 5.0805e-05; f =         -307.6645457
lambda = 1.6935e-05; f =         -309.1799299
lambda =  5.645e-06; f =         -309.3622593
lambda = 1.8817e-06; f =         -309.3829550
lambda = 6.2723e-07; f =         -309.3852223
lambda = 2.0908e-07; f =         -309.3854565
lambda = 6.9692e-08; f =         -309.3854764
lambda = 2.3231e-08; f =         -309.3854766
lambda = 4.4909e-08; f =         -309.3854769
Norm of dx       3692
Predicted improvement:        0.000000128
lambda =          1; f =         -309.3854770
lambda =    0.33333; f =         -309.3854770
lambda =    0.64439; f =         -309.3854770
Norm of dx 1.5872e-05
Predicted improvement:        0.000012143
lambda =          1; f =         -309.3854891
Norm of dx 0.00079859
Done for param sigma =   2.0352
Predicted improvement:        0.000034967
lambda =          1; f =         -309.3855241
Norm of dx 0.00030405
Done for param rho =   0.6805
Sequence of univariate steps!!
Actual dxnorm 0.00087084
FVAL          -309.3855
Improvement   4.8699e-05
Ftol          1e-05
Htol          1e-05
Gradient norm  5.3642
Minimum Hessian eigenvalue 3.4494e-06
Maximum Hessian eigenvalue 7060458.3803
Elapsed time for iteration 0.11467 s.
 
Iteration 18
Correct for low angle: 0.00187056
Predicted improvement:       38.997062665
lambda =          1; f =      8453136.0547392
lambda =    0.33333; f =       938327.8240080
lambda =    0.11111; f =       103772.9219302
lambda =   0.037037; f =        11185.3295263
lambda =   0.012346; f =          944.6566546
lambda =  0.0041152; f =         -177.5834216
lambda =  0.0013717; f =         -297.0952219
lambda = 0.00045725; f =         -308.6670769
lambda = 0.00015242; f =         -292.7199188
lambda = 5.0805e-05; f =         -307.9539371
lambda = 1.6935e-05; f =         -309.2376870
lambda =  5.645e-06; f =         -309.3697342
lambda = 1.8817e-06; f =         -309.3838798
lambda = 6.2723e-07; f =         -309.3853745
lambda = 2.0908e-07; f =         -309.3855184
lambda = 6.9692e-08; f =         -309.3855271
Norm of dx       2908
Predicted improvement:        0.000005572
lambda =          1; f =         -309.3855234
lambda =    0.33333; f =         -309.3855295
Norm of dx 0.00094558
Sequence of univariate steps!!
Try diagonal Hessian
Predicted improvement:        0.000160808
lambda =          1; f =         -309.3805242
lambda =    0.33333; f =         -309.3850401
lambda =    0.11111; f =         -309.3854974
lambda =   0.037037; f =         -309.3855334
Norm of dx  0.0028605
Try gradient direction
Predicted improvement:        0.001438729
lambda =          1; f =         -309.1772987
lambda =    0.33333; f =         -309.3637602
lambda =    0.11111; f =         -309.3833452
lambda =   0.037037; f =         -309.3853601
lambda =   0.012346; f =         -309.3855372
lambda =  0.0041152; f =         -309.3855415
Norm of dx 0.00053642
Actual dxnorm 0.00042351
FVAL          -309.3855
Improvement   1.734e-05
Ftol          1e-05
Htol          1e-05
Gradient norm  2.6896
Minimum Hessian eigenvalue 6.2973e-06
Maximum Hessian eigenvalue 7072672.5573
Elapsed time for iteration 0.10626 s.
 
Iteration 19
Predicted improvement:       14.590781600
lambda =          1; f =         -269.7467238
lambda =    0.33333; f =         -307.4427343
lambda =    0.11111; f =        56464.3227530
lambda =   0.037037; f =         5913.7922685
lambda =   0.012346; f =          354.1304292
lambda =  0.0041152; f =         -244.5897848
lambda =  0.0013717; f =         -304.7744213
lambda = 0.00045725; f =         -309.3529652
lambda = 0.00015242; f =         -304.7267650
lambda = 5.0805e-05; f =         -308.7995894
lambda = 1.6935e-05; f =         -309.3176423
lambda =  5.645e-06; f =         -309.3779826
lambda = 1.8817e-06; f =         -309.3847334
lambda = 6.2723e-07; f =         -309.3854637
lambda = 2.0908e-07; f =         -309.3855369
lambda = 6.9692e-08; f =         -309.3855423
Norm of dx     2151.7
Norm of dx          0
Sequence of univariate steps!!
Try diagonal Hessian
Predicted improvement:        0.000101180
lambda =          1; f =         -309.3828699
lambda =    0.33333; f =         -309.3852836
lambda =    0.11111; f =         -309.3855263
lambda =   0.037037; f =         -309.3855448
Norm of dx  0.0032319
Try gradient direction
Predicted improvement:        0.000361705
lambda =          1; f =         -309.3597174
lambda =    0.33333; f =         -309.3827679
lambda =    0.11111; f =         -309.3852867
lambda =   0.037037; f =         -309.3855337
lambda =   0.012346; f =         -309.3855494
Norm of dx 0.00026896
No further improvement is possible!
Actual dxnorm 0.00023979
FVAL          -309.3855
Improvement   7.9658e-06
Ftol          1e-05
Htol          1e-05
Gradient norm  2.6896
Minimum Hessian eigenvalue 6.2973e-06
Maximum Hessian eigenvalue 7072672.5573
Estimation successful.

Final value of minus the log posterior (or likelihood):-309.385549 

MODE CHECK

Fval obtained by the minimization routine (minus the posterior/likelihood)): -309.385549

RESULTS FROM POSTERIOR ESTIMATION
parameters
     prior mean     mode    s.d. prior pstdev

sigma    2.000   2.0348  0.1913 gamm 0.2000 
theta    0.750   0.8052  0.0182 beta 0.0300 
phi      1.000   0.9703  0.0975 gamm 0.1000 
rho      0.700   0.6805  0.0566 beta 0.1000 
phi_pi   2.000   2.0520  0.1950 norm 0.2000 
phi_y    0.050   0.0514  0.0100 norm 0.0100 
rho_D    0.200   0.5794  0.0788 beta 0.1000 
rho_S    0.200   0.2577  0.1262 beta 0.1000 
rho_R    0.700   0.4720  0.0854 beta 0.1000 

standard deviation of shocks
     prior mean     mode    s.d. prior pstdev

e_D      1.000   0.0107  0.0028 unif 0.5774 
e_S      1.000   0.0054  0.0011 unif 0.5774 
e_R      1.000   0.0080  0.0012 unif 0.5774 


Log data density [Laplace approximation] is 274.823977.


EIGENVALUES:
         Modulus             Real        Imaginary

          0.2577           0.2577                0
           0.472            0.472                0
          0.5316           0.5316                0
          0.5794           0.5794                0
           1.137             1.12           0.1957
           1.137             1.12          -0.1957


There are 2 eigenvalue(s) larger than 1 in modulus 
for 2 forward-looking variable(s)

The rank condition is verified.

Total computing time : 0h00m13s
